2019-06-26 19:53:36,786 - os.name - Windows 8.1
2019-06-26 19:53:36,787 - os.arch - amd64
2019-06-26 19:53:36,787 - os.version - 6.3
2019-06-26 19:53:36,787 - java.version - 1.8.0_152
2019-06-26 19:53:36,787 - java.vendor - Oracle Corporation
2019-06-26 19:53:36,787 - java.vendor.url - http://java.oracle.com/
2019-06-26 19:53:36,787 - java.home - C:\Program Files\Java\jre1.8.0_152
2019-06-26 19:53:36,787 - java.vm.specification.name - Java Virtual Machine Specification
2019-06-26 19:53:36,787 - java.vm.specification.vendor - Oracle Corporation
2019-06-26 19:53:36,787 - java.vm.specification.version - 1.8
2019-06-26 19:53:36,787 - java.class.path - C:\Users\Edyta Bosacka\eclipse\java-2019-03\eclipse\\plugins/org.eclipse.equinox.launcher_1.5.300.v20190213-1655.jar
2019-06-26 19:53:36,787 - java.library.path - C:\Users\Edyta Bosacka\eclipse\java-2019-03\eclipse;C:\WINDOWS\Sun\Java\bin;C:\WINDOWS\system32;C:\WINDOWS;C:/Program Files/Java/jre1.8.0_152/bin/server;C:/Program Files/Java/jre1.8.0_152/bin;C:/Program Files/Java/jre1.8.0_152/lib/amd64;C:\ProgramData\Oracle\Java\javapath;C:\WINDOWS\system32\windowspowershell\v1.0\;C:\WINDOWS\system32\wbem;C:\WINDOWS\system32;c:\progra~2\egcs\bin;c:\progra~2\pscad42\bin\ffilter;c:\mingw\bin\;c:\program files (x86)\embarcadero\studio\19.0\bin;c:\users\public\documents\embarcadero\studio\19.0\bpl;c:\program files (x86)\embarcadero\studio\19.0\bin64;c:\users\public\documents\embarcadero\studio\19.0\bpl\win64;c:\program files (x86)\embarcadero\studio\18.0\bin;c:\users\public\documents\embarcadero\studio\18.0\bpl;c:\program files (x86)\embarcadero\studio\18.0\bin64;c:\users\public\documents\embarcadero\studio\18.0\bpl\win64;c:\program files (x86)\borland\cbuild~1\bin;c:\program files (x86)\borland\cbuild~1\projects\bpl;c:\program files (x86)\ati technologies\ati.ace\core-static;c:\program files (x86)\microsoft asp.net\asp.net web pages\v1.0\;c:\program files\microsoft sql server\110\tools\binn\;c:\program files\microsoft\web platform installer\;c:\program files\common files\autodesk shared\;c:\program files (x86)\;c:\program files\git\cmd;c:\program files\microsoft sql server\130\tools\binn\; c:/program files (x86)/egcs/bin/gcc.exe;c:\program files (x86)\windows kits\10\windows performance toolkit\;C:\WINDOWS;C:\Program Files\Microsoft SQL Server\Client SDK\ODBC\130\Tools\Binn\;C:\Program Files (x86)\Microsoft SQL Server\140\Tools\Binn\;C:\Program Files\Microsoft SQL Server\140\Tools\Binn\;C:\Program Files\Microsoft SQL Server\140\DTS\Binn\;C:\Program Files\Git\cmd;C:\Program Files\Docker Toolbox;C:\Users\Edyta Bosacka\AppData\Local\Programs\MiKTeX 2.9\miktex\bin\x64\;C:\WINDOWS\System32;;.
2019-06-26 19:53:36,788 - --------------------------------------
2019-06-26 19:53:36,788 - ## Eclipse Plug-ins Log Information ##
2019-06-26 19:53:36,788 - --------------------------------------
2019-06-26 19:53:36,805 - javax.el - 2.2.0.v201303151357
2019-06-26 19:53:36,807 - javax.servlet - 3.1.0.v201410161800
2019-06-26 19:53:36,808 - javax.servlet.jsp - 2.2.0.v201112011158
2019-06-26 19:53:36,809 - com.sun.el - 2.2.0.v201303151357
2019-06-26 19:53:36,809 - org.apache.commons.logging - 1.2.0.v20180409-1502
2019-06-26 19:53:36,811 - org.apache.jasper.glassfish - 2.2.2.v201501141630
2019-06-26 19:53:36,816 - org.apache.lucene.analyzers-common - 7.5.0.v20181003-1532
2019-06-26 19:53:36,830 - org.apache.lucene.core - 7.5.0.v20181003-1532
2019-06-26 19:53:36,832 - org.apache.lucene.analyzers-smartcn - 7.5.0.v20181003-1532
2019-06-26 19:53:36,834 - org.eclipse.equinox.http.jetty - 3.7.0.v20190305-2216
2019-06-26 19:53:36,835 - org.eclipse.equinox.http.registry - 1.1.700.v20190214-1948
2019-06-26 19:53:36,836 - org.eclipse.equinox.http.servlet - 1.6.0.v20190305-2225
2019-06-26 19:53:36,838 - org.eclipse.equinox.jsp.jasper - 1.1.200.v20190214-1948
2019-06-26 19:53:36,839 - org.eclipse.equinox.jsp.jasper.registry - 1.1.200.v20190214-1948
2019-06-26 19:53:36,839 - org.eclipse.help.base - 4.2.500.v20190307-0500
2019-06-26 19:53:36,841 - org.eclipse.help.ui - 4.1.400.v20190218-1039
2019-06-26 19:53:37,019 - org.eclipse.help.webapp - 3.9.400.v20190212-1458
2019-06-26 19:53:37,020 - org.eclipse.jetty.continuation - 9.4.15.v20190215
2019-06-26 19:53:37,021 - org.eclipse.jetty.http - 9.4.15.v20190215
2019-06-26 19:53:37,022 - org.eclipse.jetty.io - 9.4.15.v20190215
2019-06-26 19:53:37,023 - org.eclipse.jetty.security - 9.4.15.v20190215
2019-06-26 19:53:37,026 - org.eclipse.jetty.server - 9.4.15.v20190215
2019-06-26 19:53:37,028 - org.eclipse.jetty.servlet - 9.4.15.v20190215
2019-06-26 19:53:37,029 - org.eclipse.jetty.util - 9.4.15.v20190215
2019-06-26 19:53:37,030 - org.eclipse.core.net - 1.3.400.v20181030-1645
2019-06-26 19:53:37,031 - org.eclipse.equinox.security - 1.3.100.v20190215-2139
2019-06-26 19:53:37,035 - org.eclipse.mylyn.bugzilla.core - 3.24.2.v20180905-0003
2019-06-26 19:53:37,035 - org.eclipse.mylyn.bugzilla.ui - 3.24.2.v20180905-0003
2019-06-26 19:53:37,041 - org.eclipse.andmore.hierarchyviewer - 0.5.1.201701251432
2019-06-26 19:53:37,047 - org.eclipse.sequoyah.device.backward - 2.1.0.N20120718-0509
2019-06-26 19:53:37,047 - org.eclipse.sequoyah.device.framework - 2.1.0.N20120718-0509
2019-06-26 19:53:37,049 - org.eclipse.sequoyah.device.framework.ui - 2.1.0.N20120718-0509
2019-06-26 19:53:37,050 - org.eclipse.sequoyah.device.service.start - 2.1.0.N20120718-0509
2019-06-26 19:53:37,051 - org.eclipse.sequoyah.device.service.stop - 2.1.0.N20120718-0509
2019-06-26 19:53:37,052 - org.eclipse.sequoyah.device.framework.wizard - 2.1.0.N20120718-0509
2019-06-26 19:53:37,057 - org.eclipse.buildship.core - 3.0.1.v20181217-1554
2019-06-26 19:53:37,058 - org.eclipse.buildship.ui - 3.0.1.v20181217-1554
2019-06-26 19:53:37,058 - org.eclipse.buildship.branding - 3.0.1.v20181217-1554
2019-06-26 19:53:37,058 - org.eclipse.buildship.stsmigration - 3.0.1.v20181217-1554
2019-06-26 19:53:37,063 - org.eclipse.egit.core - 5.3.0.201903130848-r
2019-06-26 19:53:37,066 - org.eclipse.egit.ui - 5.3.0.201903130848-r
2019-06-26 19:53:37,066 - org.eclipse.egit - 5.3.0.201903130848-r
2019-06-26 19:53:37,067 - org.eclipse.egit.doc - 5.3.0.201903130848-r
2019-06-26 19:53:37,072 - org.eclipse.mylyn.tasks.core - 3.24.2.v20180905-0003
2019-06-26 19:53:37,073 - org.eclipse.mylyn.tasks.index.core - 3.24.2.v20180905-0003
2019-06-26 19:53:37,073 - org.eclipse.mylyn.tasks.index.ui - 3.24.2.v20180905-0003
2019-06-26 19:53:37,075 - org.eclipse.mylyn.tasks.search - 3.24.2.v20180905-0003
2019-06-26 19:53:37,076 - org.eclipse.mylyn.tasks.ui - 3.24.2.v20180905-0003
2019-06-26 19:53:37,081 - org.eclipse.gef - 3.11.0.201606061308
2019-06-26 19:53:37,086 - org.eclipse.mylyn.commons.identity.core - 1.16.0.v20180904-2231
2019-06-26 19:53:37,090 - org.eclipse.oomph.p2 - 1.10.0.v20180706-1242
2019-06-26 19:53:37,092 - org.eclipse.oomph.p2.core - 1.12.0.v20190527-1611
2019-06-26 19:53:37,093 - org.eclipse.oomph.p2.edit - 1.11.0.v20190323-1130
2019-06-26 19:53:37,094 - org.eclipse.oomph.p2.ui - 1.10.0.v20180829-1028
2019-06-26 19:53:37,095 - org.eclipse.oomph.p2.doc - 1.10.0.v20180706-1242
2019-06-26 19:53:37,099 - org.eclipse.emf.codegen.ui - 2.8.0.v20180706-1146
2019-06-26 19:53:37,103 - org.eclipse.datatools.enablement.sqlite - 1.2.101.201811012051
2019-06-26 19:53:37,104 - org.eclipse.datatools.enablement.sqlite.dbdefinition - 1.2.101.201811012051
2019-06-26 19:53:37,105 - org.eclipse.datatools.enablement.sqlite.ui - 1.2.101.201811012051
2019-06-26 19:53:37,105 - org.eclipse.datatools.enablement.finfo - 1.7.101.201811012051
2019-06-26 19:53:37,108 - org.eclipse.mylyn.commons.notifications.core - 1.16.0.v20180904-2231
2019-06-26 19:53:37,109 - org.eclipse.mylyn.commons.notifications.feed - 1.16.0.v20180904-2231
2019-06-26 19:53:37,110 - org.eclipse.mylyn.commons.notifications.ui - 1.16.0.v20180904-2231
2019-06-26 19:53:37,114 - org.eclipse.emf.converter - 2.10.0.v20180706-1146
2019-06-26 19:53:37,116 - org.eclipse.emf.importer - 2.11.0.v20180706-1146
2019-06-26 19:53:37,117 - org.eclipse.emf.exporter - 2.9.0.v20180706-1146
2019-06-26 19:53:37,118 - org.eclipse.emf.importer.ecore - 2.10.0.v20180706-1146
2019-06-26 19:53:37,119 - org.eclipse.emf.importer.java - 2.10.0.v20180706-1146
2019-06-26 19:53:37,123 - org.eclipse.emf.importer.rose - 2.10.0.v20180706-1146
2019-06-26 19:53:37,130 - org.eclipse.emf.edit.ui - 2.16.0.v20181104-0733
2019-06-26 19:53:37,137 - org.eclipse.help - 3.8.300.v20190216-1017
2019-06-26 19:53:37,139 - org.eclipse.ui - 3.112.0.v20190205-1313
2019-06-26 19:53:37,144 - org.eclipse.ui.workbench - 3.113.0.v20190219-1432
2019-06-26 19:53:37,145 - org.eclipse.update.configurator - 3.4.200.v20190218-1148
2019-06-26 19:53:37,145 - org.eclipse.rcp - 4.11.0.v20190307-0500
2019-06-26 19:53:37,152 - org.eclipse.mylyn.commons.repositories.http.core - 1.16.0.v20180904-2231
2019-06-26 19:53:37,158 - org.eclipse.jdt - 3.17.0.v20190307-0500
2019-06-26 19:53:37,161 - org.eclipse.ant.ui - 3.7.400.v20190218-1426
2019-06-26 19:53:37,162 - org.eclipse.jdt.apt.core - 3.6.300.v20190228-0624
2019-06-26 19:53:37,164 - org.eclipse.jdt.apt.ui - 3.6.200.v20180921-1416
2019-06-26 19:53:37,165 - org.eclipse.jdt.apt.pluggable.core - 1.2.300.v20181206-1038
2019-06-26 19:53:37,167 - org.eclipse.jdt.compiler.apt - 1.3.500.v20190304-0429
2019-06-26 19:53:37,168 - org.eclipse.jdt.compiler.tool - 1.2.500.v20190304-0429
2019-06-26 19:53:37,168 - org.eclipse.jdt.core - 3.17.0.v20190306-2240
2019-06-26 19:53:37,170 - org.eclipse.jdt.annotation - 2.2.200.v20180921-1416
2019-06-26 19:53:37,170 - org.eclipse.jdt.annotation - 2.2.200.v20180921-1416
2019-06-26 19:53:37,171 - org.eclipse.jdt.core.manipulation - 1.11.100.v20190301-1946
2019-06-26 19:53:37,173 - org.eclipse.jdt.debug.ui - 3.10.200.v20190226-0733
2019-06-26 19:53:37,183 - org.eclipse.jdt.debug - 3.12.200.v20190218-2230
2019-06-26 19:53:37,184 - org.eclipse.jdt.junit - 3.11.300.v20190130-1425
2019-06-26 19:53:37,185 - org.eclipse.jdt.junit.core - 3.10.200.v20181025-0713
2019-06-26 19:53:37,186 - org.eclipse.jdt.junit.runtime - 3.4.900.v20181012-1045
2019-06-26 19:53:37,187 - org.eclipse.jdt.junit4.runtime - 1.1.900.v20181123-0726
2019-06-26 19:53:37,188 - org.eclipse.jdt.junit5.runtime - 1.0.400.v20190215-1312
2019-06-26 19:53:37,189 - org.eclipse.jdt.launching - 3.13.0.v20190222-0937
2019-06-26 19:53:37,192 - org.eclipse.jdt.ui - 3.17.0.v20190304-0658
2019-06-26 19:53:37,195 - org.junit - 4.12.0.v201504281640
2019-06-26 19:53:37,196 - org.hamcrest.core - 1.3.0.v20180420-1519
2019-06-26 19:53:37,199 - org.junit.jupiter.api - 5.4.0.v20190212-2109
2019-06-26 19:53:37,201 - org.junit.jupiter.engine - 5.4.0.v20190212-2109
2019-06-26 19:53:37,203 - org.junit.jupiter.migrationsupport - 5.4.0.v20190212-2109
2019-06-26 19:53:37,206 - org.junit.jupiter.params - 5.4.0.v20190212-2109
2019-06-26 19:53:37,208 - org.junit.platform.commons - 1.4.0.v20190212-2109
2019-06-26 19:53:37,210 - org.junit.platform.engine - 1.4.0.v20190212-2109
2019-06-26 19:53:37,212 - org.junit.platform.launcher - 1.4.0.v20190212-2109
2019-06-26 19:53:37,213 - org.junit.platform.runner - 1.4.0.v20190212-2109
2019-06-26 19:53:37,219 - org.junit.platform.suite.api - 1.4.0.v20190212-2109
2019-06-26 19:53:37,222 - org.junit.vintage.engine - 5.4.0.v20190212-2109
2019-06-26 19:53:37,223 - org.opentest4j - 1.1.1.v20190212-2109
2019-06-26 19:53:37,225 - org.apiguardian - 1.0.0.v20190212-2109
2019-06-26 19:53:37,226 - org.eclipse.jdt.doc.user - 3.15.200.v20190306-0908
2019-06-26 19:53:37,227 - org.eclipse.ant.launching - 1.2.400.v20190205-2142
2019-06-26 19:53:37,231 - org.eclipse.emf.common - 2.15.0.v20181220-0846
2019-06-26 19:53:37,237 - org.eclipse.sequoyah.vnc.vncviewer.vncviews - 2.1.0.N20120718-0509
2019-06-26 19:53:37,242 - org.eclipse.egit.mylyn.ui - 5.3.0.201903130848-r
2019-06-26 19:53:37,246 - org.eclipse.datatools.sqltools.common.ui - 1.2.101.201811012051
2019-06-26 19:53:37,247 - org.eclipse.datatools.sqltools.debugger.core - 1.2.101.201811012051
2019-06-26 19:53:37,249 - org.eclipse.datatools.sqltools.editor.core - 1.2.101.201811012051
2019-06-26 19:53:37,250 - org.eclipse.datatools.sqltools.plan - 1.2.101.201811012051
2019-06-26 19:53:37,251 - org.eclipse.datatools.sqltools.routineeditor - 1.2.101.201811012051
2019-06-26 19:53:37,252 - org.eclipse.datatools.sqltools.sql - 1.2.101.201811012051
2019-06-26 19:53:37,254 - org.eclipse.datatools.sqltools.sqleditor - 1.2.101.201811012051
2019-06-26 19:53:37,256 - org.eclipse.datatools.sqltools.sqlscrapbook - 1.2.101.201811012051
2019-06-26 19:53:37,312 - org.eclipse.datatools.help - 1.7.101.201811012051
2019-06-26 19:53:37,314 - org.eclipse.datatools.sqltools.db.generic - 1.2.101.201811012051
2019-06-26 19:53:37,315 - org.eclipse.datatools.sqltools.debugger.core.ui - 1.2.101.201811012051
2019-06-26 19:53:37,316 - org.eclipse.datatools.sqltools.editor.core.ui - 1.2.101.201811012051
2019-06-26 19:53:37,317 - org.eclipse.datatools.sqltools.result.ui - 1.3.101.201811012051
2019-06-26 19:53:37,318 - org.eclipse.datatools.sqltools.routineeditor.ui - 1.2.101.201811012051
2019-06-26 19:53:37,319 - org.eclipse.datatools.sqltools.sql.ui - 1.2.101.201811012051
2019-06-26 19:53:37,325 - org.objectweb.asm - 7.0.0.v20181030-2244
2019-06-26 19:53:37,325 - org.eclipse.andmore - 0.5.1.201701251432
2019-06-26 19:53:37,326 - org.eclipse.andmore.base - 0.5.1.201701251432
2019-06-26 19:53:37,327 - org.eclipse.andmore.ddms - 0.5.1.201701251432
2019-06-26 19:53:37,328 - org.eclipse.andmore.overlay - 0.5.1.201701251432
2019-06-26 19:53:37,330 - org.apache.commons.codec - 1.10.0.v20180409-1845
2019-06-26 19:53:37,334 - org.apache.commons.compress - 1.18.0.v20181121-2221
2019-06-26 19:53:37,335 - org.apache.httpcomponents.httpclient - 4.5.5.v20180409-1525
2019-06-26 19:53:37,336 - org.apache.httpcomponents.httpcore - 4.4.9.v20180409-1525
2019-06-26 19:53:37,340 - org.eclipse.emf.mapping - 2.12.0.v20181104-0733
2019-06-26 19:53:37,349 - org.eclipse.datatools.modelbase.dbdefinition - 1.2.101.201811012051
2019-06-26 19:53:37,358 - org.eclipse.datatools.modelbase.sql.edit - 1.2.101.201811012051
2019-06-26 19:53:37,359 - org.eclipse.datatools.modelbase.sql.query - 1.3.201.201811012051
2019-06-26 19:53:37,365 - org.eclipse.datatools.modelbase.sql.query.edit - 1.2.101.201811012051
2019-06-26 19:53:37,471 - org.eclipse.datatools.modelbase.sql.xml.query - 1.2.101.201811012051
2019-06-26 19:53:37,471 - org.eclipse.datatools.modelbase.sql - 1.2.101.201811012051
2019-06-26 19:53:37,687 - org.eclipse.oomph.setup.editor - 1.13.0.v20190527-0708
2019-06-26 19:53:37,709 - org.eclipse.oomph.setup.ui - 1.13.0.v20190526-0710
2019-06-26 19:53:37,904 - org.eclipse.oomph.setup.doc - 1.10.0.v20180706-1242
2019-06-26 19:53:38,007 - org.eclipse.oomph.setup.ui.questionnaire - 1.10.0.v20180706-1242
2019-06-26 19:53:38,009 - org.eclipse.oomph.jreinfo.ui - 1.10.0.v20180706-1242
2019-06-26 19:53:38,198 - org.eclipse.emf.ecore - 2.17.0.v20190116-0940
2019-06-26 19:53:38,250 - org.eclipse.emf.ecore.change - 2.13.0.v20180706-1146
2019-06-26 19:53:38,253 - org.eclipse.emf.ecore.xmi - 2.15.0.v20180706-1146
2019-06-26 19:53:38,411 - org.eclipse.jgit - 5.3.0.201903130848-r
2019-06-26 19:53:38,546 - org.eclipse.jgit.archive - 5.3.0.201903130848-r
2019-06-26 19:53:38,576 - com.jcraft.jsch - 0.1.54.v20170116-1932
2019-06-26 19:53:38,599 - javaewah - 1.1.6.v20160919-1400
2019-06-26 19:53:38,600 - org.apache.commons.compress - 1.18.0.v20181121-2221
2019-06-26 19:53:38,604 - org.slf4j.api - 1.7.2.v20121108-1250
2019-06-26 19:53:38,604 - org.slf4j.impl.log4j12 - 1.7.2.v20131105-2200
2019-06-26 19:53:38,632 - org.apache.log4j - 1.2.15.v201012070815
2019-06-26 19:53:38,636 - com.jcraft.jzlib - 1.1.1.v201205102305
2019-06-26 19:53:38,670 - org.bouncycastle.bcpg - 1.60.0.v20181210-2057
2019-06-26 19:53:38,861 - org.bouncycastle.bcpkix - 1.60.0.v20181210-2057
2019-06-26 19:53:38,987 - org.bouncycastle.bcprov - 1.60.0.v20181210-2057
2019-06-26 19:53:39,123 - org.eclipse.mylyn.wikitext.tasks.ui - 3.0.25.201806201740
2019-06-26 19:53:39,156 - org.eclipse.mylyn.wikitext.context.ui - 3.0.25.201806201740
2019-06-26 19:53:39,220 - org.eclipse.emf.mapping.ecore.editor - 2.8.0.v20180706-1146
2019-06-26 19:53:39,263 - org.eclipse.emf.mapping.ecore2ecore.editor - 2.10.0.v20181104-0733
2019-06-26 19:53:39,300 - org.eclipse.emf.mapping.ecore2xml.ui - 2.11.0.v20181104-0733
2019-06-26 19:53:41,691 - org.apache.ant - 1.10.5.v20180808-0324
2019-06-26 19:53:41,734 - org.eclipse.ant.core - 3.5.300.v20190213-1305
2019-06-26 19:53:41,734 - com.jcraft.jsch - 0.1.54.v20170116-1932
2019-06-26 19:53:41,735 - org.eclipse.compare.core - 3.6.400.v20190214-2156
2019-06-26 19:53:41,840 - org.eclipse.compare - 3.7.500.v20190218-1850
2019-06-26 19:53:41,877 - org.eclipse.compare.win32 - 1.2.400.v20190213-1306
2019-06-26 19:53:41,891 - org.eclipse.core.filebuffers - 3.6.500.v20190218-1547
2019-06-26 19:53:41,892 - org.eclipse.core.filesystem - 1.7.300.v20190218-2054
2019-06-26 19:53:41,892 - org.eclipse.core.net - 1.3.400.v20181030-1645
2019-06-26 19:53:41,893 - org.eclipse.core.net.win32.x86_64 - 1.1.300.v20181126-0635
2019-06-26 19:53:41,894 - org.eclipse.core.resources - 3.13.300.v20190218-2054
2019-06-26 19:53:41,895 - org.eclipse.osgi.util - 3.5.200.v20190115-2323
2019-06-26 19:53:41,896 - org.eclipse.debug.core - 3.13.200.v20190216-1557
2019-06-26 19:53:41,905 - org.eclipse.debug.ui - 3.14.0.v20190301-0916
2019-06-26 19:53:41,906 - org.eclipse.equinox.event - 1.5.0.v20181008-1938
2019-06-26 19:53:41,907 - org.eclipse.ltk.core.refactoring - 3.10.0.v20190216-1303
2019-06-26 19:53:41,926 - org.eclipse.ltk.ui.refactoring - 3.9.300.v20190216-1303
2019-06-26 19:53:41,926 - org.eclipse.platform - 4.11.0.v20190307-0500
2019-06-26 19:53:42,051 - org.eclipse.platform.doc.user - 4.11.0.v20190227-0848
2019-06-26 19:53:42,065 - org.eclipse.search - 3.11.500.v20190218-2126
2019-06-26 19:53:42,066 - org.eclipse.team.core - 3.8.500.v20190216-2155
2019-06-26 19:53:42,096 - org.eclipse.team.ui - 3.8.400.v20190216-2155
2019-06-26 19:53:42,097 - org.eclipse.text - 3.8.100.v20190306-1823
2019-06-26 19:53:42,098 - org.eclipse.jface.text - 3.15.100.v20190305-0811
2019-06-26 19:53:42,099 - org.eclipse.jsch.core - 1.3.400.v20190214-2156
2019-06-26 19:53:42,227 - org.eclipse.jsch.ui - 1.3.400.v20190214-2156
2019-06-26 19:53:42,228 - org.eclipse.ui.console - 3.8.400.v20190218-2131
2019-06-26 19:53:42,229 - org.eclipse.ui.intro - 3.5.500.v20190218-1654
2019-06-26 19:53:42,230 - org.eclipse.ui.intro.universal - 3.3.400.v20190218-1654
2019-06-26 19:53:42,247 - org.eclipse.ui.cheatsheets - 3.5.400.v20190218-1039
2019-06-26 19:53:42,269 - org.eclipse.ui.browser - 3.6.300.v20180828-0837
2019-06-26 19:53:42,272 - org.eclipse.ui.genericeditor - 1.1.300.v20190228-1402
2019-06-26 19:53:42,273 - org.eclipse.ui.monitoring - 1.1.300.v20180828-1350
2019-06-26 19:53:42,274 - org.eclipse.ui.navigator - 3.7.400.v20190218-2049
2019-06-26 19:53:42,294 - org.eclipse.ui.navigator.resources - 3.6.400.v20190222-1251
2019-06-26 19:53:42,295 - org.eclipse.ui.net - 1.3.300.v20180827-1041
2019-06-26 19:53:42,296 - org.eclipse.ui.workbench.texteditor - 3.11.300.v20190218-2126
2019-06-26 19:53:42,297 - org.eclipse.ui.views - 3.9.300.v20190216-1545
2019-06-26 19:53:42,298 - org.eclipse.ui.editors - 3.11.400.v20190218-1547
2019-06-26 19:53:42,299 - org.eclipse.ui.externaltools - 3.4.200.v20180821-1744
2019-06-26 19:53:42,322 - org.eclipse.ui.ide - 3.15.0.v20190301-1127
2019-06-26 19:53:42,323 - org.eclipse.ui.ide.application - 1.3.200.v20190212-2214
2019-06-26 19:53:42,324 - org.eclipse.ui.win32 - 3.4.100.v20180828-0838
2019-06-26 19:53:42,327 - org.eclipse.core.resources.win32.x86_64 - 3.5.300.v20181030-1942
2019-06-26 19:53:42,328 - org.eclipse.core.filesystem.win32.x86_64 - 1.4.100.v20180828-0158
2019-06-26 19:53:42,329 - org.eclipse.core.variables - 3.4.400.v20190214-1545
2019-06-26 19:53:42,341 - org.eclipse.ui.forms - 3.7.500.v20190216-1545
2019-06-26 19:53:42,342 - org.eclipse.ui.views.properties.tabbed - 3.8.400.v20190215-1230
2019-06-26 19:53:42,342 - org.eclipse.equinox.security - 1.3.100.v20190215-2139
2019-06-26 19:53:42,383 - org.eclipse.equinox.security.ui - 1.2.200.v20181108-1420
2019-06-26 19:53:42,384 - org.eclipse.equinox.security.win32.x86_64 - 1.1.100.v20180827-1235
2019-06-26 19:53:42,413 - org.eclipse.core.externaltools - 1.1.200.v20180821-1744
2019-06-26 19:53:42,414 - org.eclipse.ui.themes - 1.2.400.v20190223-1254
2019-06-26 19:53:42,416 - org.eclipse.core.runtime - 3.15.200.v20190301-1641
2019-06-26 19:53:42,416 - org.eclipse.ui.intro.quicklinks - 1.0.300.v20180821-0700
2019-06-26 19:53:42,442 - org.eclipse.team.genericeditor.diff.extension - 1.0.200.v20180827-1041
2019-06-26 19:53:42,464 - org.eclipse.urischeme - 1.0.200.v20190219-1659
2019-06-26 19:53:42,465 - org.eclipse.ui.views.log - 1.2.500.v20190218-0617
2019-06-26 19:53:42,870 - org.eclipse.mylyn.discovery.core - 3.24.2.v20180904-2231
2019-06-26 19:53:42,992 - org.eclipse.mylyn.discovery.ui - 3.24.2.v20180904-2231
2019-06-26 19:53:43,159 - org.eclipse.emf.ecore.edit - 2.12.0.v20190226-1307
2019-06-26 19:53:43,240 - org.eclipse.emf.ecore.change.edit - 2.8.0.v20180706-1146
2019-06-26 19:53:43,404 - org.eclipse.sequoyah.vnc.protocol - 2.1.0.N20120718-0509
2019-06-26 19:53:43,496 - org.eclipse.emf.mapping.ecore - 2.8.0.v20180706-1146
2019-06-26 19:53:43,531 - org.eclipse.emf.mapping.ecore2ecore - 2.11.0.v20180706-1146
2019-06-26 19:53:43,556 - org.eclipse.emf.mapping.ecore2xml - 2.11.0.v20180706-1146
2019-06-26 19:53:43,700 - org.eclipse.mylyn.versions.core - 1.16.0.v20170629-1738
2019-06-26 19:53:43,714 - org.eclipse.mylyn.versions.ui - 1.16.0.v20170629-1738
2019-06-26 19:53:43,758 - org.eclipse.andmore.traceview - 0.5.1.201701251432
2019-06-26 19:53:43,863 - org.eclipse.mylyn.wikitext - 3.0.25.20180620133858
2019-06-26 19:53:43,934 - org.eclipse.mylyn.wikitext.ant - 3.0.25.20180620133858
2019-06-26 19:53:44,003 - org.eclipse.mylyn.wikitext.osgi - 3.0.25.201806201740
2019-06-26 19:53:44,087 - org.eclipse.mylyn.wikitext.asciidoc - 3.0.25.20180620133858
2019-06-26 19:53:44,116 - org.eclipse.mylyn.wikitext.textile - 3.0.25.20180620133858
2019-06-26 19:53:44,159 - org.eclipse.mylyn.wikitext.html - 3.0.25.20180620133858
2019-06-26 19:53:44,204 - org.eclipse.mylyn.wikitext.markdown - 3.0.25.20180620133858
2019-06-26 19:53:44,252 - org.eclipse.mylyn.wikitext.mediawiki - 3.0.25.20180620133858
2019-06-26 19:53:44,329 - org.eclipse.mylyn.wikitext.confluence - 3.0.25.20180620133858
2019-06-26 19:53:44,407 - org.eclipse.mylyn.wikitext.tracwiki - 3.0.25.20180620133858
2019-06-26 19:53:44,459 - org.eclipse.mylyn.wikitext.twiki - 3.0.25.20180620133858
2019-06-26 19:53:44,491 - org.eclipse.mylyn.wikitext.ui - 3.0.25.201806201740
2019-06-26 19:53:44,623 - org.eclipse.mylyn.wikitext.help.ui - 3.0.25.201806201740
2019-06-26 19:53:44,660 - org.eclipse.mylyn.wikitext.asciidoc.ui - 3.0.25.201806201740
2019-06-26 19:53:44,677 - org.eclipse.mylyn.wikitext.textile.ui - 3.0.25.201806201740
2019-06-26 19:53:44,688 - org.eclipse.mylyn.wikitext.markdown.ui - 3.0.25.201806201740
2019-06-26 19:53:44,714 - org.eclipse.mylyn.wikitext.mediawiki.ui - 3.0.25.201806201740
2019-06-26 19:53:44,737 - org.eclipse.mylyn.wikitext.confluence.ui - 3.0.25.201806201740
2019-06-26 19:53:44,756 - org.eclipse.mylyn.wikitext.tracwiki.ui - 3.0.25.201806201740
2019-06-26 19:53:44,780 - org.eclipse.mylyn.wikitext.twiki.ui - 3.0.25.201806201740
2019-06-26 19:53:44,913 - org.eclipse.sequoyah.localization.android - 2.1.0.N20120718-0509
2019-06-26 19:53:44,955 - org.eclipse.sequoyah.localization.android.help - 2.1.1.N20120718-0509
2019-06-26 19:53:45,137 - org.eclipse.m2e.logback.configuration - 1.11.0.20190220-2119
2019-06-26 19:53:45,139 - org.eclipse.m2e.logback.appender - 1.11.0.20190220-2119
2019-06-26 19:53:45,217 - org.eclipse.emf.codegen - 2.15.0.v20181120-2156
2019-06-26 19:53:45,293 - org.eclipse.wst.dtd.ui - 1.1.100.v201901071922
2019-06-26 19:53:45,309 - org.eclipse.wst.dtd.ui.infopop - 1.0.400.v201901071922
2019-06-26 19:53:45,323 - org.eclipse.wst.sse.ui.infopop - 1.0.300.v201901071922
2019-06-26 19:53:45,337 - org.eclipse.wst.xml.ui.infopop - 1.0.400.v201901071922
2019-06-26 19:53:45,339 - org.eclipse.wst.sse.ui - 1.5.100.v201903050402
2019-06-26 19:53:45,339 - org.eclipse.wst.xml.ui - 1.2.200.v201901071922
2019-06-26 19:53:45,359 - org.eclipse.wst.xsd.ui - 1.3.200.v201901071922
2019-06-26 19:53:45,430 - org.eclipse.datatools.doc.user - 1.14.101.201811012051
2019-06-26 19:53:45,445 - org.eclipse.datatools.oda.cshelp - 1.3.101.201811012051
2019-06-26 19:53:45,445 - org.eclipse.datatools.help - 1.7.101.201811012051
2019-06-26 19:53:45,553 - org.eclipse.emf - 2.8.0.v20180706-1146
2019-06-26 19:53:45,633 - org.eclipse.userstorage - 1.2.0.v20190307-0457
2019-06-26 19:53:45,660 - org.eclipse.userstorage.ui - 1.1.0.v20190307-0457
2019-06-26 19:53:45,661 - org.eclipse.userstorage.oauth - 1.1.0.v20190307-0457
2019-06-26 19:53:45,776 - org.eclipse.mylyn.tasks.bugs - 3.24.2.v20180905-0003
2019-06-26 19:53:45,786 - org.eclipse.mylyn.help.ui - 3.24.2.v20180905-0003
2019-06-26 19:53:45,865 - org.eclipse.draw2d - 3.10.100.201606061308
2019-06-26 19:53:45,924 - org.eclipse.emf.edit - 2.14.0.v20180823-0456
2019-06-26 19:53:46,034 - org.eclipse.mylyn.commons.core - 3.24.2.v20180904-2231
2019-06-26 19:53:46,077 - org.eclipse.mylyn.commons.screenshots - 3.24.2.v20180904-2231
2019-06-26 19:53:46,078 - org.eclipse.mylyn.commons.ui - 3.24.2.v20180904-2231
2019-06-26 19:53:46,079 - org.eclipse.mylyn.commons.workbench - 3.24.2.v20180904-2231
2019-06-26 19:53:46,399 - org.eclipse.eclemma.core - 3.1.2.201903112331
2019-06-26 19:53:46,447 - org.eclipse.eclemma.doc - 3.1.2.201903112331
2019-06-26 19:53:46,447 - org.eclipse.eclemma.ui - 3.1.2.201903112331
2019-06-26 19:53:46,541 - org.jacoco.agent - 0.8.3.v20190219-1601
2019-06-26 19:53:46,789 - org.jacoco.core - 0.8.3.v20190219-1601
2019-06-26 19:53:46,878 - org.jacoco.report - 0.8.3.v20190219-1601
2019-06-26 19:53:46,878 - org.objectweb.asm - 7.0.0.v20181030-2244
2019-06-26 19:53:47,003 - org.objectweb.asm.commons - 7.0.0.v20181030-2244
2019-06-26 19:53:47,160 - org.objectweb.asm.tree - 7.0.0.v20181030-2244
2019-06-26 19:53:47,952 - org.eclipse.mylyn.bugzilla.ide - 3.24.2.v20180905-0014
2019-06-26 19:53:47,953 - org.eclipse.mylyn.ide.ui - 3.24.2.v20180905-0014
2019-06-26 19:53:49,051 - org.eclipse.emf.databinding.edit - 1.5.0.v20180823-0456
2019-06-26 19:53:49,542 - org.eclipse.emf.codegen.ecore - 2.17.0.v20190209-1542
2019-06-26 19:53:49,806 - org.eclipse.emf.ant - 2.10.0.v20180706-1146
2019-06-26 19:53:53,476 - org.eclipse.m2e.archetype.common - 1.11.0.20190220-2117
2019-06-26 19:53:54,739 - org.eclipse.m2e.maven.indexer - 1.11.0.20190220-2117
2019-06-26 19:53:54,857 - org.eclipse.m2e.model.edit - 1.11.0.20190220-2119
2019-06-26 19:53:54,857 - org.eclipse.m2e.core - 1.11.0.20190220-2119
2019-06-26 19:53:54,858 - org.eclipse.m2e.launching - 1.11.0.20190220-2119
2019-06-26 19:53:54,913 - org.eclipse.m2e.workspace.cli - 0.3.1
2019-06-26 19:53:55,049 - org.eclipse.m2e.jdt - 1.11.0.20190220-2119
2019-06-26 19:53:55,195 - org.eclipse.m2e.editor - 1.11.0.20190220-2119
2019-06-26 19:53:55,252 - org.eclipse.m2e.editor.xml - 1.11.0.20190220-2119
2019-06-26 19:53:59,418 - org.eclipse.m2e.maven.runtime - 1.11.0.20190220-2117
2019-06-26 19:53:59,729 - org.eclipse.m2e.maven.runtime.slf4j.simple - 1.11.0.20190220-2117
2019-06-26 19:53:59,730 - org.eclipse.m2e.refactoring - 1.11.0.20190220-2119
2019-06-26 19:53:59,761 - org.eclipse.m2e.lifecyclemapping.defaults - 1.11.0.20190220-2119
2019-06-26 19:53:59,762 - org.eclipse.m2e.discovery - 1.11.0.20190220-2119
2019-06-26 19:53:59,916 - org.eclipse.m2e.core.ui - 1.11.0.20190220-2119
2019-06-26 19:53:59,960 - org.eclipse.m2e.scm - 1.11.0.20190220-2119
2019-06-26 19:53:59,960 - org.eclipse.m2e.jdt.ui - 1.11.0.20190220-2119
2019-06-26 19:53:59,989 - org.eclipse.m2e.profiles.core - 1.11.0.20190220-2119
2019-06-26 19:54:00,011 - org.eclipse.m2e.profiles.ui - 1.11.0.20190220-2119
2019-06-26 19:54:00,028 - org.eclipse.m2e.importer - 1.11.0.20190220-2119
2019-06-26 19:54:00,065 - org.eclipse.m2e.sourcelookup - 1.11.0.20190220-2119
2019-06-26 19:54:00,065 - org.eclipse.m2e.sourcelookup.ui - 1.11.0.20190220-2119
2019-06-26 19:54:00,086 - org.eclipse.m2e.binaryproject - 1.11.0.20190220-2119
2019-06-26 19:54:00,110 - org.eclipse.m2e.binaryproject.ui - 1.11.0.20190220-2119
2019-06-26 19:54:00,188 - org.eclipse.andmore.ndk - 0.5.1.201701251432
2019-06-26 19:54:00,255 - org.eclipse.andmore.gldebugger - 0.5.1.201701251432
2019-06-26 19:54:00,544 - org.eclipse.mylyn.hudson.core - 1.16.0.v20180403-2055
2019-06-26 19:54:00,587 - org.eclipse.mylyn.hudson.ui - 1.16.0.v20170629-2231
2019-06-26 19:54:00,769 - org.eclipse.epp.mpc.core - 1.7.5.v20190225-1757
2019-06-26 19:54:00,770 - org.eclipse.epp.mpc.core.win32 - 1.7.5.v20190206-1811
2019-06-26 19:54:00,770 - org.eclipse.epp.mpc.ui - 1.7.5.v20190301-1516
2019-06-26 19:54:00,770 - org.eclipse.epp.mpc.ui.css - 1.7.5.v20190206-1811
2019-06-26 19:54:00,871 - org.eclipse.epp.mpc.help.ui - 1.7.5.v20190206-1811
2019-06-26 19:54:01,101 - org.eclipse.mylyn.git.core - 1.16.0.v20170629-1738
2019-06-26 19:54:01,133 - org.eclipse.mylyn.git.ui - 1.16.0.v20170629-1738
2019-06-26 19:54:01,221 - org.eclipse.andmore.android.certmanager - 0.5.1.201701251432
2019-06-26 19:54:01,339 - org.eclipse.epp.package.java - 4.11.0.20190314-1200
2019-06-26 19:54:01,530 - org.eclipse.cdt.gdb - 7.0.1.201811241055
2019-06-26 19:54:01,539 - org.eclipse.cdt.gdb.ui - 7.0.1.201811241055
2019-06-26 19:54:01,645 - org.eclipse.sequoyah.localization.tools - 2.1.0.N20120718-0509
2019-06-26 19:54:01,684 - org.eclipse.sequoyah.localization.editor - 2.1.0.N20120718-0509
2019-06-26 19:54:01,879 - org.eclipse.mylyn.java.ui - 3.24.2.v20180905-0014
2019-06-26 19:54:01,946 - org.eclipse.mylyn.java.tasks - 3.24.2.v20180905-0014
2019-06-26 19:54:01,946 - org.eclipse.mylyn.ide.ui - 3.24.2.v20180905-0014
2019-06-26 19:54:02,060 - org.eclipse.mylyn.ide.ant - 3.24.2.v20180905-0014
2019-06-26 19:54:02,091 - org.eclipse.mylyn.debug.ui - 3.24.2.v20180905-0014
2019-06-26 19:54:02,545 - org.eclipse.mylyn.team.ui - 3.24.2.v20180905-0014
2019-06-26 19:54:02,866 - org.eclipse.datatools.sqltools.sql - 1.2.101.201811012051
2019-06-26 19:54:02,866 - org.eclipse.datatools.sqltools.common.ui - 1.2.101.201811012051
2019-06-26 19:54:02,866 - org.eclipse.datatools.sqltools.plan - 1.2.101.201811012051
2019-06-26 19:54:02,866 - org.eclipse.datatools.sqltools.editor.core - 1.2.101.201811012051
2019-06-26 19:54:02,866 - org.eclipse.datatools.sqltools.sqleditor - 1.2.101.201811012051
2019-06-26 19:54:02,866 - org.eclipse.datatools.sqltools.ddlgen.ui - 1.2.101.201811012051
2019-06-26 19:54:02,956 - org.eclipse.datatools.connectivity.db.generic - 1.2.101.201811012051
2019-06-26 19:54:02,956 - org.eclipse.datatools.sqltools.editor.core.ui - 1.2.101.201811012051
2019-06-26 19:54:02,956 - org.eclipse.datatools.sqltools.sql.ui - 1.2.101.201811012051
2019-06-26 19:54:03,052 - org.eclipse.emf.common.ui - 2.16.0.v20190301-1325
2019-06-26 19:54:03,190 - org.eclipse.jgit.ssh.apache - 5.3.0.201903130848-r
2019-06-26 19:54:03,192 - org.apache.sshd.core - 2.0.0.v20181102-1323
2019-06-26 19:54:03,279 - org.apache.sshd.sftp - 2.0.0.v20181102-1323
2019-06-26 19:54:03,323 - net.i2p.crypto.eddsa - 0.3.0.v20181102-1323
2019-06-26 19:54:03,489 - org.eclipse.mylyn.commons.repositories.core - 1.16.0.v20180904-2231
2019-06-26 19:54:03,490 - org.eclipse.mylyn.commons.repositories.ui - 1.16.0.v20180904-2231
2019-06-26 19:54:03,610 - org.eclipse.sequoyah.device.common.utilities - 2.1.0.N20120718-0509
2019-06-26 19:54:03,796 - org.eclipse.andmore.android.common - 0.5.1.201701251432
2019-06-26 19:54:03,814 - org.eclipse.andmore.android.codeutils - 0.5.1.201701251432
2019-06-26 19:54:03,866 - org.eclipse.andmore.android.translation - 0.5.1.201701251432
2019-06-26 19:54:03,880 - org.eclipse.andmore.android.codesnippets - 0.5.1.201701251432
2019-06-26 19:54:03,901 - org.eclipse.andmore.android.db.core - 0.5.1.201701251432
2019-06-26 19:54:03,901 - org.eclipse.andmore.android.logger - 0.5.1.201701251432
2019-06-26 19:54:03,935 - org.eclipse.andmore.android - 0.5.1.201701251432
2019-06-26 19:54:03,946 - org.eclipse.andmore.android.emulator - 0.5.1.201701251432
2019-06-26 19:54:03,947 - org.eclipse.andmore.android.launch - 0.5.1.201701251432
2019-06-26 19:54:03,947 - org.eclipse.andmore.android.packaging.ui - 0.5.1.201701251432
2019-06-26 19:54:03,970 - org.eclipse.andmore.android.handset - 0.5.1.201701251432
2019-06-26 19:54:03,971 - org.eclipse.andmore.android.remote - 0.5.1.201701251432
2019-06-26 19:54:03,971 - org.eclipse.andmore.android.win32.x86_64 - 0.5.1.201701251432
2019-06-26 19:54:03,971 - org.eclipse.andmore.android.mat - 0.5.1.201701251432
2019-06-26 19:54:03,972 - org.eclipse.andmore.android.devices.services - 0.5.1.201701251432
2019-06-26 19:54:04,014 - org.eclipse.andmore.android.db.devices - 0.5.1.201701251432
2019-06-26 19:54:04,039 - org.eclipse.andmore.android.installer - 0.5.1.201701251432
2019-06-26 19:54:04,053 - org.eclipse.andmore.android.logger.collector - 0.5.1.201701251432
2019-06-26 19:54:04,121 - org.eclipse.emf.mapping.ui - 2.10.0.v20181104-0733
2019-06-26 19:54:04,192 - org.eclipse.mylyn.monitor.core - 3.24.2.v20180904-2231
2019-06-26 19:54:04,193 - org.eclipse.mylyn.monitor.ui - 3.24.2.v20180904-2231
2019-06-26 19:54:04,275 - org.eclipse.sequoyah.vnc.vncviewer - 2.1.0.N20120718-0509
2019-06-26 19:54:04,295 - org.eclipse.emf.codegen.ecore.ui - 2.17.0.v20190226-1307
2019-06-26 19:54:04,375 - org.eclipse.emf.ecore.editor - 2.16.0.v20181104-0733
2019-06-26 19:54:04,473 - org.eclipse.mylyn.builds.core - 1.16.0.v20170629-2231
2019-06-26 19:54:04,494 - org.eclipse.mylyn.builds.ui - 1.16.0.v20170629-2231
2019-06-26 19:54:04,617 - org.eclipse.mylyn.context.core - 3.24.2.v20180905-0014
2019-06-26 19:54:04,631 - org.eclipse.mylyn.context.ui - 3.24.2.v20180905-0014
2019-06-26 19:54:04,667 - org.eclipse.mylyn.resources.ui - 3.24.2.v20180905-0014
2019-06-26 19:54:04,668 - org.eclipse.mylyn.context.tasks.ui - 3.24.2.v20180905-0014
2019-06-26 19:54:04,745 - org.eclipse.emf.databinding - 1.5.0.v20180706-1146
2019-06-26 19:54:04,872 - org.eclipse.datatools.connectivity.sqm.core.ui - 1.4.101.201811012051
2019-06-26 19:54:04,966 - org.eclipse.datatools.connectivity.sqm.core - 1.4.101.201811012051
2019-06-26 19:54:05,126 - org.eclipse.datatools.connectivity.sqm.server.ui - 1.3.101.201811012051
2019-06-26 19:54:05,127 - org.eclipse.datatools.connectivity.ui.dse - 1.3.101.201811012051
2019-06-26 19:54:05,169 - org.eclipse.datatools.connectivity.ui - 1.4.101.201811012051
2019-06-26 19:54:05,169 - org.eclipse.datatools.connectivity - 1.14.101.201811012051
2019-06-26 19:54:05,169 - org.eclipse.datatools.help - 1.7.101.201811012051
2019-06-26 19:54:05,189 - org.eclipse.datatools.connectivity.console.profile - 1.2.101.201811012051
2019-06-26 19:54:05,284 - org.eclipse.oomph.setup - 1.13.0.v20190530-1228
2019-06-26 19:54:05,300 - org.eclipse.oomph.setup.edit - 1.13.0.v20190526-0607
2019-06-26 19:54:05,300 - org.eclipse.oomph.setup.core - 1.13.0.v20190531-1228
2019-06-26 19:54:05,301 - org.eclipse.oomph.setup.sync - 1.10.0.v20180706-1242
2019-06-26 19:54:05,302 - org.eclipse.oomph.setup.p2 - 1.11.0.v20190530-1228
2019-06-26 19:54:05,302 - org.eclipse.oomph.setup.p2.edit - 1.10.0.v20180706-1242
2019-06-26 19:54:05,303 - org.eclipse.oomph.preferences - 1.10.0.v20180706-1242
2019-06-26 19:54:05,351 - org.eclipse.oomph.jreinfo - 1.11.0.v20190523-0419
2019-06-26 19:54:05,352 - org.eclipse.oomph.jreinfo.win32.x86_64 - 1.5.0.v20190410-0601
2019-06-26 19:54:05,370 - org.eclipse.oomph.extractor.lib - 1.6.0.v20190410-0601
2019-07-01 20:59:54,062 - os.name - Windows 8.1
2019-07-01 20:59:54,117 - os.arch - amd64
2019-07-01 20:59:54,117 - os.version - 6.3
2019-07-01 20:59:54,117 - java.version - 1.8.0_152
2019-07-01 20:59:54,117 - java.vendor - Oracle Corporation
2019-07-01 20:59:54,117 - java.vendor.url - http://java.oracle.com/
2019-07-01 20:59:54,117 - java.home - C:\Program Files\Java\jre1.8.0_152
2019-07-01 20:59:54,117 - java.vm.specification.name - Java Virtual Machine Specification
2019-07-01 20:59:54,117 - java.vm.specification.vendor - Oracle Corporation
2019-07-01 20:59:54,117 - java.vm.specification.version - 1.8
2019-07-01 20:59:54,117 - java.class.path - C:\Users\Edyta Bosacka\eclipse\java-2019-03\eclipse\\plugins/org.eclipse.equinox.launcher_1.5.300.v20190213-1655.jar
2019-07-01 20:59:54,117 - java.library.path - C:\Users\Edyta Bosacka\eclipse\java-2019-03\eclipse;C:\WINDOWS\Sun\Java\bin;C:\WINDOWS\system32;C:\WINDOWS;C:/Program Files/Java/jre1.8.0_152/bin/server;C:/Program Files/Java/jre1.8.0_152/bin;C:/Program Files/Java/jre1.8.0_152/lib/amd64;C:\ProgramData\Oracle\Java\javapath;C:\WINDOWS\system32\windowspowershell\v1.0\;C:\WINDOWS\system32\wbem;C:\WINDOWS\system32;c:\progra~2\egcs\bin;c:\progra~2\pscad42\bin\ffilter;c:\mingw\bin\;c:\program files (x86)\embarcadero\studio\19.0\bin;c:\users\public\documents\embarcadero\studio\19.0\bpl;c:\program files (x86)\embarcadero\studio\19.0\bin64;c:\users\public\documents\embarcadero\studio\19.0\bpl\win64;c:\program files (x86)\embarcadero\studio\18.0\bin;c:\users\public\documents\embarcadero\studio\18.0\bpl;c:\program files (x86)\embarcadero\studio\18.0\bin64;c:\users\public\documents\embarcadero\studio\18.0\bpl\win64;c:\program files (x86)\borland\cbuild~1\bin;c:\program files (x86)\borland\cbuild~1\projects\bpl;c:\program files (x86)\ati technologies\ati.ace\core-static;c:\program files (x86)\microsoft asp.net\asp.net web pages\v1.0\;c:\program files\microsoft sql server\110\tools\binn\;c:\program files\microsoft\web platform installer\;c:\program files\common files\autodesk shared\;c:\program files (x86)\;c:\program files\git\cmd;c:\program files\microsoft sql server\130\tools\binn\; c:/program files (x86)/egcs/bin/gcc.exe;c:\program files (x86)\windows kits\10\windows performance toolkit\;C:\WINDOWS;C:\Program Files\Microsoft SQL Server\Client SDK\ODBC\130\Tools\Binn\;C:\Program Files (x86)\Microsoft SQL Server\140\Tools\Binn\;C:\Program Files\Microsoft SQL Server\140\Tools\Binn\;C:\Program Files\Microsoft SQL Server\140\DTS\Binn\;C:\Program Files\Git\cmd;C:\Program Files\Docker Toolbox;C:\Users\Edyta Bosacka\AppData\Local\Programs\MiKTeX 2.9\miktex\bin\x64\;C:\Users\Edyta Bosacka\Desktop;;.
2019-07-01 20:59:54,117 - --------------------------------------
2019-07-01 20:59:54,117 - ## Eclipse Plug-ins Log Information ##
2019-07-01 20:59:54,117 - --------------------------------------
2019-07-01 20:59:54,781 - javax.el - 2.2.0.v201303151357
2019-07-01 20:59:54,865 - javax.servlet - 3.1.0.v201410161800
2019-07-01 20:59:54,966 - javax.servlet.jsp - 2.2.0.v201112011158
2019-07-01 20:59:55,133 - com.sun.el - 2.2.0.v201303151357
2019-07-01 20:59:55,134 - org.apache.commons.logging - 1.2.0.v20180409-1502
2019-07-01 20:59:55,385 - org.apache.jasper.glassfish - 2.2.2.v201501141630
2019-07-01 20:59:55,494 - org.apache.lucene.analyzers-common - 7.5.0.v20181003-1532
2019-07-01 20:59:55,713 - org.apache.lucene.core - 7.5.0.v20181003-1532
2019-07-01 20:59:55,849 - org.apache.lucene.analyzers-smartcn - 7.5.0.v20181003-1532
2019-07-01 20:59:55,942 - org.eclipse.equinox.http.jetty - 3.7.0.v20190305-2216
2019-07-01 20:59:56,035 - org.eclipse.equinox.http.registry - 1.1.700.v20190214-1948
2019-07-01 20:59:56,355 - org.eclipse.equinox.http.servlet - 1.6.0.v20190305-2225
2019-07-01 20:59:56,489 - org.eclipse.equinox.jsp.jasper - 1.1.200.v20190214-1948
2019-07-01 20:59:56,621 - org.eclipse.equinox.jsp.jasper.registry - 1.1.200.v20190214-1948
2019-07-01 20:59:56,911 - org.eclipse.help.base - 4.2.500.v20190307-0500
2019-07-01 20:59:56,966 - org.eclipse.help.ui - 4.1.400.v20190218-1039
2019-07-01 20:59:57,134 - org.eclipse.help.webapp - 3.9.400.v20190212-1458
2019-07-01 20:59:57,186 - org.eclipse.jetty.continuation - 9.4.15.v20190215
2019-07-01 20:59:57,278 - org.eclipse.jetty.http - 9.4.15.v20190215
2019-07-01 20:59:57,381 - org.eclipse.jetty.io - 9.4.15.v20190215
2019-07-01 20:59:57,464 - org.eclipse.jetty.security - 9.4.15.v20190215
2019-07-01 20:59:57,644 - org.eclipse.jetty.server - 9.4.15.v20190215
2019-07-01 20:59:57,778 - org.eclipse.jetty.servlet - 9.4.15.v20190215
2019-07-01 20:59:57,866 - org.eclipse.jetty.util - 9.4.15.v20190215
2019-07-01 20:59:57,867 - org.eclipse.core.net - 1.3.400.v20181030-1645
2019-07-01 20:59:57,926 - org.eclipse.equinox.security - 1.3.100.v20190215-2139
2019-07-01 20:59:58,205 - org.eclipse.mylyn.bugzilla.core - 3.24.2.v20180905-0003
2019-07-01 20:59:58,206 - org.eclipse.mylyn.bugzilla.ui - 3.24.2.v20180905-0003
2019-07-01 20:59:58,468 - org.eclipse.andmore.hierarchyviewer - 0.5.1.201701251432
2019-07-01 20:59:59,033 - org.eclipse.sequoyah.device.backward - 2.1.0.N20120718-0509
2019-07-01 20:59:59,067 - org.eclipse.sequoyah.device.framework - 2.1.0.N20120718-0509
2019-07-01 20:59:59,069 - org.eclipse.sequoyah.device.framework.ui - 2.1.0.N20120718-0509
2019-07-01 20:59:59,178 - org.eclipse.sequoyah.device.service.start - 2.1.0.N20120718-0509
2019-07-01 20:59:59,283 - org.eclipse.sequoyah.device.service.stop - 2.1.0.N20120718-0509
2019-07-01 20:59:59,334 - org.eclipse.sequoyah.device.framework.wizard - 2.1.0.N20120718-0509
2019-07-01 20:59:59,499 - org.eclipse.buildship.core - 3.0.1.v20181217-1554
2019-07-01 20:59:59,499 - org.eclipse.buildship.ui - 3.0.1.v20181217-1554
2019-07-01 20:59:59,559 - org.eclipse.buildship.branding - 3.0.1.v20181217-1554
2019-07-01 20:59:59,560 - org.eclipse.buildship.stsmigration - 3.0.1.v20181217-1554
2019-07-01 20:59:59,881 - org.eclipse.egit.core - 5.3.0.201903130848-r
2019-07-01 20:59:59,921 - org.eclipse.egit.ui - 5.3.0.201903130848-r
2019-07-01 20:59:59,951 - org.eclipse.egit - 5.3.0.201903130848-r
2019-07-01 20:59:59,996 - org.eclipse.egit.doc - 5.3.0.201903130848-r
2019-07-01 21:00:00,508 - org.eclipse.mylyn.tasks.core - 3.24.2.v20180905-0003
2019-07-01 21:00:00,509 - org.eclipse.mylyn.tasks.index.core - 3.24.2.v20180905-0003
2019-07-01 21:00:00,509 - org.eclipse.mylyn.tasks.index.ui - 3.24.2.v20180905-0003
2019-07-01 21:00:00,510 - org.eclipse.mylyn.tasks.search - 3.24.2.v20180905-0003
2019-07-01 21:00:00,511 - org.eclipse.mylyn.tasks.ui - 3.24.2.v20180905-0003
2019-07-01 21:00:00,749 - org.eclipse.gef - 3.11.0.201606061308
2019-07-01 21:00:00,983 - org.eclipse.mylyn.commons.identity.core - 1.16.0.v20180904-2231
2019-07-01 21:00:01,100 - org.eclipse.oomph.p2 - 1.10.0.v20180706-1242
2019-07-01 21:00:01,121 - org.eclipse.oomph.p2.core - 1.12.0.v20190527-1611
2019-07-01 21:00:01,122 - org.eclipse.oomph.p2.edit - 1.11.0.v20190323-1130
2019-07-01 21:00:01,154 - org.eclipse.oomph.p2.ui - 1.10.0.v20180829-1028
2019-07-01 21:00:01,267 - org.eclipse.oomph.p2.doc - 1.10.0.v20180706-1242
2019-07-01 21:00:01,756 - org.eclipse.emf.codegen.ui - 2.8.0.v20180706-1146
2019-07-01 21:00:02,010 - org.eclipse.datatools.enablement.sqlite - 1.2.101.201811012051
2019-07-01 21:00:02,045 - org.eclipse.datatools.enablement.sqlite.dbdefinition - 1.2.101.201811012051
2019-07-01 21:00:02,132 - org.eclipse.datatools.enablement.sqlite.ui - 1.2.101.201811012051
2019-07-01 21:00:02,180 - org.eclipse.datatools.enablement.finfo - 1.7.101.201811012051
2019-07-01 21:00:02,328 - org.eclipse.mylyn.commons.notifications.core - 1.16.0.v20180904-2231
2019-07-01 21:00:02,329 - org.eclipse.mylyn.commons.notifications.feed - 1.16.0.v20180904-2231
2019-07-01 21:00:02,330 - org.eclipse.mylyn.commons.notifications.ui - 1.16.0.v20180904-2231
2019-07-01 21:00:02,548 - org.eclipse.emf.converter - 2.10.0.v20180706-1146
2019-07-01 21:00:02,656 - org.eclipse.emf.importer - 2.11.0.v20180706-1146
2019-07-01 21:00:02,764 - org.eclipse.emf.exporter - 2.9.0.v20180706-1146
2019-07-01 21:00:02,823 - org.eclipse.emf.importer.ecore - 2.10.0.v20180706-1146
2019-07-01 21:00:02,908 - org.eclipse.emf.importer.java - 2.10.0.v20180706-1146
2019-07-01 21:00:03,032 - org.eclipse.emf.importer.rose - 2.10.0.v20180706-1146
2019-07-01 21:00:03,299 - org.eclipse.emf.edit.ui - 2.16.0.v20181104-0733
2019-07-01 21:00:03,458 - org.eclipse.help - 3.8.300.v20190216-1017
2019-07-01 21:00:03,486 - org.eclipse.ui - 3.112.0.v20190205-1313
2019-07-01 21:00:03,513 - org.eclipse.ui.workbench - 3.113.0.v20190219-1432
2019-07-01 21:00:03,514 - org.eclipse.update.configurator - 3.4.200.v20190218-1148
2019-07-01 21:00:03,640 - org.eclipse.rcp - 4.11.0.v20190307-0500
2019-07-01 21:00:03,963 - org.eclipse.mylyn.commons.repositories.http.core - 1.16.0.v20180904-2231
2019-07-01 21:00:04,160 - org.eclipse.jdt - 3.17.0.v20190307-0500
2019-07-01 21:00:04,189 - org.eclipse.ant.ui - 3.7.400.v20190218-1426
2019-07-01 21:00:04,284 - org.eclipse.jdt.apt.core - 3.6.300.v20190228-0624
2019-07-01 21:00:04,340 - org.eclipse.jdt.apt.ui - 3.6.200.v20180921-1416
2019-07-01 21:00:04,402 - org.eclipse.jdt.apt.pluggable.core - 1.2.300.v20181206-1038
2019-07-01 21:00:04,403 - org.eclipse.jdt.compiler.apt - 1.3.500.v20190304-0429
2019-07-01 21:00:04,404 - org.eclipse.jdt.compiler.tool - 1.2.500.v20190304-0429
2019-07-01 21:00:04,404 - org.eclipse.jdt.core - 3.17.0.v20190306-2240
2019-07-01 21:00:04,488 - org.eclipse.jdt.annotation - 2.2.200.v20180921-1416
2019-07-01 21:00:04,488 - org.eclipse.jdt.annotation - 2.2.200.v20180921-1416
2019-07-01 21:00:04,488 - org.eclipse.jdt.core.manipulation - 1.11.100.v20190301-1946
2019-07-01 21:00:04,523 - org.eclipse.jdt.debug.ui - 3.10.200.v20190226-0733
2019-07-01 21:00:04,876 - org.eclipse.jdt.debug - 3.12.200.v20190218-2230
2019-07-01 21:00:04,899 - org.eclipse.jdt.junit - 3.11.300.v20190130-1425
2019-07-01 21:00:05,030 - org.eclipse.jdt.junit.core - 3.10.200.v20181025-0713
2019-07-01 21:00:05,092 - org.eclipse.jdt.junit.runtime - 3.4.900.v20181012-1045
2019-07-01 21:00:05,188 - org.eclipse.jdt.junit4.runtime - 1.1.900.v20181123-0726
2019-07-01 21:00:05,252 - org.eclipse.jdt.junit5.runtime - 1.0.400.v20190215-1312
2019-07-01 21:00:05,426 - org.eclipse.jdt.launching - 3.13.0.v20190222-0937
2019-07-01 21:00:05,471 - org.eclipse.jdt.ui - 3.17.0.v20190304-0658
2019-07-01 21:00:05,665 - org.junit - 4.12.0.v201504281640
2019-07-01 21:00:05,768 - org.hamcrest.core - 1.3.0.v20180420-1519
2019-07-01 21:00:05,972 - org.junit.jupiter.api - 5.4.0.v20190212-2109
2019-07-01 21:00:06,039 - org.junit.jupiter.engine - 5.4.0.v20190212-2109
2019-07-01 21:00:06,128 - org.junit.jupiter.migrationsupport - 5.4.0.v20190212-2109
2019-07-01 21:00:06,265 - org.junit.jupiter.params - 5.4.0.v20190212-2109
2019-07-01 21:00:06,359 - org.junit.platform.commons - 1.4.0.v20190212-2109
2019-07-01 21:00:06,446 - org.junit.platform.engine - 1.4.0.v20190212-2109
2019-07-01 21:00:06,515 - org.junit.platform.launcher - 1.4.0.v20190212-2109
2019-07-01 21:00:06,621 - org.junit.platform.runner - 1.4.0.v20190212-2109
2019-07-01 21:00:06,729 - org.junit.platform.suite.api - 1.4.0.v20190212-2109
2019-07-01 21:00:06,787 - org.junit.vintage.engine - 5.4.0.v20190212-2109
2019-07-01 21:00:06,996 - org.opentest4j - 1.1.1.v20190212-2109
2019-07-01 21:00:07,080 - org.apiguardian - 1.0.0.v20190212-2109
2019-07-01 21:00:07,191 - org.eclipse.jdt.doc.user - 3.15.200.v20190306-0908
2019-07-01 21:00:07,255 - org.eclipse.ant.launching - 1.2.400.v20190205-2142
2019-07-01 21:00:07,496 - org.eclipse.emf.common - 2.15.0.v20181220-0846
2019-07-01 21:00:07,623 - org.eclipse.sequoyah.vnc.vncviewer.vncviews - 2.1.0.N20120718-0509
2019-07-01 21:00:07,893 - org.eclipse.egit.mylyn.ui - 5.3.0.201903130848-r
2019-07-01 21:00:08,184 - org.eclipse.datatools.sqltools.common.ui - 1.2.101.201811012051
2019-07-01 21:00:08,313 - org.eclipse.datatools.sqltools.debugger.core - 1.2.101.201811012051
2019-07-01 21:00:08,573 - org.eclipse.datatools.sqltools.editor.core - 1.2.101.201811012051
2019-07-01 21:00:08,574 - org.eclipse.datatools.sqltools.plan - 1.2.101.201811012051
2019-07-01 21:00:08,661 - org.eclipse.datatools.sqltools.routineeditor - 1.2.101.201811012051
2019-07-01 21:00:08,915 - org.eclipse.datatools.sqltools.sql - 1.2.101.201811012051
2019-07-01 21:00:08,917 - org.eclipse.datatools.sqltools.sqleditor - 1.2.101.201811012051
2019-07-01 21:00:08,918 - org.eclipse.datatools.sqltools.sqlscrapbook - 1.2.101.201811012051
2019-07-01 21:00:09,125 - org.eclipse.datatools.help - 1.7.101.201811012051
2019-07-01 21:00:09,377 - org.eclipse.datatools.sqltools.db.generic - 1.2.101.201811012051
2019-07-01 21:00:09,612 - org.eclipse.datatools.sqltools.debugger.core.ui - 1.2.101.201811012051
2019-07-01 21:00:09,734 - org.eclipse.datatools.sqltools.editor.core.ui - 1.2.101.201811012051
2019-07-01 21:00:09,799 - org.eclipse.datatools.sqltools.result.ui - 1.3.101.201811012051
2019-07-01 21:00:09,800 - org.eclipse.datatools.sqltools.routineeditor.ui - 1.2.101.201811012051
2019-07-01 21:00:09,876 - org.eclipse.datatools.sqltools.sql.ui - 1.2.101.201811012051
2019-07-01 21:00:10,732 - org.objectweb.asm - 7.0.0.v20181030-2244
2019-07-01 21:00:10,735 - org.eclipse.andmore - 0.5.1.201701251432
2019-07-01 21:00:10,902 - org.eclipse.andmore.base - 0.5.1.201701251432
2019-07-01 21:00:10,942 - org.eclipse.andmore.ddms - 0.5.1.201701251432
2019-07-01 21:00:10,979 - org.eclipse.andmore.overlay - 0.5.1.201701251432
2019-07-01 21:00:11,147 - org.apache.commons.codec - 1.10.0.v20180409-1845
2019-07-01 21:00:11,297 - org.apache.commons.compress - 1.18.0.v20181121-2221
2019-07-01 21:00:11,304 - org.apache.httpcomponents.httpclient - 4.5.5.v20180409-1525
2019-07-01 21:00:11,305 - org.apache.httpcomponents.httpcore - 4.4.9.v20180409-1525
2019-07-01 21:00:11,519 - org.eclipse.emf.mapping - 2.12.0.v20181104-0733
2019-07-01 21:00:11,690 - org.eclipse.datatools.modelbase.dbdefinition - 1.2.101.201811012051
2019-07-01 21:00:11,783 - org.eclipse.datatools.modelbase.sql.edit - 1.2.101.201811012051
2019-07-01 21:00:11,875 - org.eclipse.datatools.modelbase.sql.query - 1.3.201.201811012051
2019-07-01 21:00:11,926 - org.eclipse.datatools.modelbase.sql.query.edit - 1.2.101.201811012051
2019-07-01 21:00:12,140 - org.eclipse.datatools.modelbase.sql.xml.query - 1.2.101.201811012051
2019-07-01 21:00:12,231 - org.eclipse.datatools.modelbase.sql - 1.2.101.201811012051
2019-07-01 21:00:12,425 - org.eclipse.oomph.setup.editor - 1.13.0.v20190527-0708
2019-07-01 21:00:12,447 - org.eclipse.oomph.setup.ui - 1.13.0.v20190526-0710
2019-07-01 21:00:12,619 - org.eclipse.oomph.setup.doc - 1.10.0.v20180706-1242
2019-07-01 21:00:12,716 - org.eclipse.oomph.setup.ui.questionnaire - 1.10.0.v20180706-1242
2019-07-01 21:00:12,717 - org.eclipse.oomph.jreinfo.ui - 1.10.0.v20180706-1242
2019-07-01 21:00:12,848 - org.eclipse.emf.ecore - 2.17.0.v20190116-0940
2019-07-01 21:00:12,938 - org.eclipse.emf.ecore.change - 2.13.0.v20180706-1146
2019-07-01 21:00:12,939 - org.eclipse.emf.ecore.xmi - 2.15.0.v20180706-1146
2019-07-01 21:00:13,105 - org.eclipse.jgit - 5.3.0.201903130848-r
2019-07-01 21:00:13,119 - org.eclipse.jgit.archive - 5.3.0.201903130848-r
2019-07-01 21:00:13,122 - com.jcraft.jsch - 0.1.54.v20170116-1932
2019-07-01 21:00:13,181 - javaewah - 1.1.6.v20160919-1400
2019-07-01 21:00:13,181 - org.apache.commons.compress - 1.18.0.v20181121-2221
2019-07-01 21:00:13,183 - org.slf4j.api - 1.7.2.v20121108-1250
2019-07-01 21:00:13,183 - org.slf4j.impl.log4j12 - 1.7.2.v20131105-2200
2019-07-01 21:00:13,235 - org.apache.log4j - 1.2.15.v201012070815
2019-07-01 21:00:13,288 - com.jcraft.jzlib - 1.1.1.v201205102305
2019-07-01 21:00:13,353 - org.bouncycastle.bcpg - 1.60.0.v20181210-2057
2019-07-01 21:00:13,425 - org.bouncycastle.bcpkix - 1.60.0.v20181210-2057
2019-07-01 21:00:13,534 - org.bouncycastle.bcprov - 1.60.0.v20181210-2057
2019-07-01 21:00:13,717 - org.eclipse.mylyn.wikitext.tasks.ui - 3.0.25.201806201740
2019-07-01 21:00:13,745 - org.eclipse.mylyn.wikitext.context.ui - 3.0.25.201806201740
2019-07-01 21:00:13,823 - org.eclipse.emf.mapping.ecore.editor - 2.8.0.v20180706-1146
2019-07-01 21:00:13,895 - org.eclipse.emf.mapping.ecore2ecore.editor - 2.10.0.v20181104-0733
2019-07-01 21:00:13,931 - org.eclipse.emf.mapping.ecore2xml.ui - 2.11.0.v20181104-0733
2019-07-01 21:00:15,048 - org.apache.ant - 1.10.5.v20180808-0324
2019-07-01 21:00:15,083 - org.eclipse.ant.core - 3.5.300.v20190213-1305
2019-07-01 21:00:15,083 - com.jcraft.jsch - 0.1.54.v20170116-1932
2019-07-01 21:00:15,120 - org.eclipse.compare.core - 3.6.400.v20190214-2156
2019-07-01 21:00:15,188 - org.eclipse.compare - 3.7.500.v20190218-1850
2019-07-01 21:00:15,218 - org.eclipse.compare.win32 - 1.2.400.v20190213-1306
2019-07-01 21:00:15,219 - org.eclipse.core.filebuffers - 3.6.500.v20190218-1547
2019-07-01 21:00:15,220 - org.eclipse.core.filesystem - 1.7.300.v20190218-2054
2019-07-01 21:00:15,220 - org.eclipse.core.net - 1.3.400.v20181030-1645
2019-07-01 21:00:15,221 - org.eclipse.core.net.win32.x86_64 - 1.1.300.v20181126-0635
2019-07-01 21:00:15,222 - org.eclipse.core.resources - 3.13.300.v20190218-2054
2019-07-01 21:00:15,222 - org.eclipse.osgi.util - 3.5.200.v20190115-2323
2019-07-01 21:00:15,223 - org.eclipse.debug.core - 3.13.200.v20190216-1557
2019-07-01 21:00:15,232 - org.eclipse.debug.ui - 3.14.0.v20190301-0916
2019-07-01 21:00:15,233 - org.eclipse.equinox.event - 1.5.0.v20181008-1938
2019-07-01 21:00:15,233 - org.eclipse.ltk.core.refactoring - 3.10.0.v20190216-1303
2019-07-01 21:00:15,307 - org.eclipse.ltk.ui.refactoring - 3.9.300.v20190216-1303
2019-07-01 21:00:15,308 - org.eclipse.platform - 4.11.0.v20190307-0500
2019-07-01 21:00:15,393 - org.eclipse.platform.doc.user - 4.11.0.v20190227-0848
2019-07-01 21:00:15,403 - org.eclipse.search - 3.11.500.v20190218-2126
2019-07-01 21:00:15,404 - org.eclipse.team.core - 3.8.500.v20190216-2155
2019-07-01 21:00:15,410 - org.eclipse.team.ui - 3.8.400.v20190216-2155
2019-07-01 21:00:15,411 - org.eclipse.text - 3.8.100.v20190306-1823
2019-07-01 21:00:15,412 - org.eclipse.jface.text - 3.15.100.v20190305-0811
2019-07-01 21:00:15,412 - org.eclipse.jsch.core - 1.3.400.v20190214-2156
2019-07-01 21:00:15,476 - org.eclipse.jsch.ui - 1.3.400.v20190214-2156
2019-07-01 21:00:15,477 - org.eclipse.ui.console - 3.8.400.v20190218-2131
2019-07-01 21:00:15,478 - org.eclipse.ui.intro - 3.5.500.v20190218-1654
2019-07-01 21:00:15,478 - org.eclipse.ui.intro.universal - 3.3.400.v20190218-1654
2019-07-01 21:00:15,496 - org.eclipse.ui.cheatsheets - 3.5.400.v20190218-1039
2019-07-01 21:00:15,503 - org.eclipse.ui.browser - 3.6.300.v20180828-0837
2019-07-01 21:00:15,503 - org.eclipse.ui.genericeditor - 1.1.300.v20190228-1402
2019-07-01 21:00:15,504 - org.eclipse.ui.monitoring - 1.1.300.v20180828-1350
2019-07-01 21:00:15,504 - org.eclipse.ui.navigator - 3.7.400.v20190218-2049
2019-07-01 21:00:15,521 - org.eclipse.ui.navigator.resources - 3.6.400.v20190222-1251
2019-07-01 21:00:15,521 - org.eclipse.ui.net - 1.3.300.v20180827-1041
2019-07-01 21:00:15,535 - org.eclipse.ui.workbench.texteditor - 3.11.300.v20190218-2126
2019-07-01 21:00:15,535 - org.eclipse.ui.views - 3.9.300.v20190216-1545
2019-07-01 21:00:15,544 - org.eclipse.ui.editors - 3.11.400.v20190218-1547
2019-07-01 21:00:15,545 - org.eclipse.ui.externaltools - 3.4.200.v20180821-1744
2019-07-01 21:00:15,560 - org.eclipse.ui.ide - 3.15.0.v20190301-1127
2019-07-01 21:00:15,561 - org.eclipse.ui.ide.application - 1.3.200.v20190212-2214
2019-07-01 21:00:15,561 - org.eclipse.ui.win32 - 3.4.100.v20180828-0838
2019-07-01 21:00:15,562 - org.eclipse.core.resources.win32.x86_64 - 3.5.300.v20181030-1942
2019-07-01 21:00:15,562 - org.eclipse.core.filesystem.win32.x86_64 - 1.4.100.v20180828-0158
2019-07-01 21:00:15,585 - org.eclipse.core.variables - 3.4.400.v20190214-1545
2019-07-01 21:00:15,586 - org.eclipse.ui.forms - 3.7.500.v20190216-1545
2019-07-01 21:00:15,587 - org.eclipse.ui.views.properties.tabbed - 3.8.400.v20190215-1230
2019-07-01 21:00:15,587 - org.eclipse.equinox.security - 1.3.100.v20190215-2139
2019-07-01 21:00:15,632 - org.eclipse.equinox.security.ui - 1.2.200.v20181108-1420
2019-07-01 21:00:15,633 - org.eclipse.equinox.security.win32.x86_64 - 1.1.100.v20180827-1235
2019-07-01 21:00:15,651 - org.eclipse.core.externaltools - 1.1.200.v20180821-1744
2019-07-01 21:00:15,651 - org.eclipse.ui.themes - 1.2.400.v20190223-1254
2019-07-01 21:00:15,652 - org.eclipse.core.runtime - 3.15.200.v20190301-1641
2019-07-01 21:00:15,653 - org.eclipse.ui.intro.quicklinks - 1.0.300.v20180821-0700
2019-07-01 21:00:15,670 - org.eclipse.team.genericeditor.diff.extension - 1.0.200.v20180827-1041
2019-07-01 21:00:15,689 - org.eclipse.urischeme - 1.0.200.v20190219-1659
2019-07-01 21:00:15,689 - org.eclipse.ui.views.log - 1.2.500.v20190218-0617
2019-07-01 21:00:15,827 - org.eclipse.mylyn.discovery.core - 3.24.2.v20180904-2231
2019-07-01 21:00:15,863 - org.eclipse.mylyn.discovery.ui - 3.24.2.v20180904-2231
2019-07-01 21:00:15,958 - org.eclipse.emf.ecore.edit - 2.12.0.v20190226-1307
2019-07-01 21:00:15,987 - org.eclipse.emf.ecore.change.edit - 2.8.0.v20180706-1146
2019-07-01 21:00:16,181 - org.eclipse.sequoyah.vnc.protocol - 2.1.0.N20120718-0509
2019-07-01 21:00:16,247 - org.eclipse.emf.mapping.ecore - 2.8.0.v20180706-1146
2019-07-01 21:00:16,269 - org.eclipse.emf.mapping.ecore2ecore - 2.11.0.v20180706-1146
2019-07-01 21:00:16,294 - org.eclipse.emf.mapping.ecore2xml - 2.11.0.v20180706-1146
2019-07-01 21:00:16,403 - org.eclipse.mylyn.versions.core - 1.16.0.v20170629-1738
2019-07-01 21:00:16,421 - org.eclipse.mylyn.versions.ui - 1.16.0.v20170629-1738
2019-07-01 21:00:16,524 - org.eclipse.andmore.traceview - 0.5.1.201701251432
2019-07-01 21:00:16,615 - org.eclipse.mylyn.wikitext - 3.0.25.20180620133858
2019-07-01 21:00:16,636 - org.eclipse.mylyn.wikitext.ant - 3.0.25.20180620133858
2019-07-01 21:00:16,658 - org.eclipse.mylyn.wikitext.osgi - 3.0.25.201806201740
2019-07-01 21:00:16,703 - org.eclipse.mylyn.wikitext.asciidoc - 3.0.25.20180620133858
2019-07-01 21:00:16,732 - org.eclipse.mylyn.wikitext.textile - 3.0.25.20180620133858
2019-07-01 21:00:16,756 - org.eclipse.mylyn.wikitext.html - 3.0.25.20180620133858
2019-07-01 21:00:16,797 - org.eclipse.mylyn.wikitext.markdown - 3.0.25.20180620133858
2019-07-01 21:00:16,824 - org.eclipse.mylyn.wikitext.mediawiki - 3.0.25.20180620133858
2019-07-01 21:00:16,856 - org.eclipse.mylyn.wikitext.confluence - 3.0.25.20180620133858
2019-07-01 21:00:16,889 - org.eclipse.mylyn.wikitext.tracwiki - 3.0.25.20180620133858
2019-07-01 21:00:16,932 - org.eclipse.mylyn.wikitext.twiki - 3.0.25.20180620133858
2019-07-01 21:00:16,951 - org.eclipse.mylyn.wikitext.ui - 3.0.25.201806201740
2019-07-01 21:00:17,032 - org.eclipse.mylyn.wikitext.help.ui - 3.0.25.201806201740
2019-07-01 21:00:17,048 - org.eclipse.mylyn.wikitext.asciidoc.ui - 3.0.25.201806201740
2019-07-01 21:00:17,058 - org.eclipse.mylyn.wikitext.textile.ui - 3.0.25.201806201740
2019-07-01 21:00:17,069 - org.eclipse.mylyn.wikitext.markdown.ui - 3.0.25.201806201740
2019-07-01 21:00:17,084 - org.eclipse.mylyn.wikitext.mediawiki.ui - 3.0.25.201806201740
2019-07-01 21:00:17,096 - org.eclipse.mylyn.wikitext.confluence.ui - 3.0.25.201806201740
2019-07-01 21:00:17,104 - org.eclipse.mylyn.wikitext.tracwiki.ui - 3.0.25.201806201740
2019-07-01 21:00:17,117 - org.eclipse.mylyn.wikitext.twiki.ui - 3.0.25.201806201740
2019-07-01 21:00:17,271 - org.eclipse.sequoyah.localization.android - 2.1.0.N20120718-0509
2019-07-01 21:00:17,294 - org.eclipse.sequoyah.localization.android.help - 2.1.1.N20120718-0509
2019-07-01 21:00:17,387 - org.eclipse.m2e.logback.configuration - 1.11.0.20190220-2119
2019-07-01 21:00:17,388 - org.eclipse.m2e.logback.appender - 1.11.0.20190220-2119
2019-07-01 21:00:17,554 - org.eclipse.emf.codegen - 2.15.0.v20181120-2156
2019-07-01 21:00:17,587 - org.eclipse.wst.dtd.ui - 1.1.100.v201901071922
2019-07-01 21:00:17,603 - org.eclipse.wst.dtd.ui.infopop - 1.0.400.v201901071922
2019-07-01 21:00:17,618 - org.eclipse.wst.sse.ui.infopop - 1.0.300.v201901071922
2019-07-01 21:00:17,631 - org.eclipse.wst.xml.ui.infopop - 1.0.400.v201901071922
2019-07-01 21:00:17,648 - org.eclipse.wst.sse.ui - 1.5.100.v201903050402
2019-07-01 21:00:17,662 - org.eclipse.wst.xml.ui - 1.2.200.v201901071922
2019-07-01 21:00:17,682 - org.eclipse.wst.xsd.ui - 1.3.200.v201901071922
2019-07-01 21:00:17,790 - org.eclipse.datatools.doc.user - 1.14.101.201811012051
2019-07-01 21:00:17,806 - org.eclipse.datatools.oda.cshelp - 1.3.101.201811012051
2019-07-01 21:00:17,806 - org.eclipse.datatools.help - 1.7.101.201811012051
2019-07-01 21:00:17,899 - org.eclipse.emf - 2.8.0.v20180706-1146
2019-07-01 21:00:17,949 - org.eclipse.userstorage - 1.2.0.v20190307-0457
2019-07-01 21:00:17,976 - org.eclipse.userstorage.ui - 1.1.0.v20190307-0457
2019-07-01 21:00:17,977 - org.eclipse.userstorage.oauth - 1.1.0.v20190307-0457
2019-07-01 21:00:18,092 - org.eclipse.mylyn.tasks.bugs - 3.24.2.v20180905-0003
2019-07-01 21:00:18,093 - org.eclipse.mylyn.help.ui - 3.24.2.v20180905-0003
2019-07-01 21:00:18,236 - org.eclipse.draw2d - 3.10.100.201606061308
2019-07-01 21:00:18,297 - org.eclipse.emf.edit - 2.14.0.v20180823-0456
2019-07-01 21:00:18,410 - org.eclipse.mylyn.commons.core - 3.24.2.v20180904-2231
2019-07-01 21:00:18,439 - org.eclipse.mylyn.commons.screenshots - 3.24.2.v20180904-2231
2019-07-01 21:00:18,440 - org.eclipse.mylyn.commons.ui - 3.24.2.v20180904-2231
2019-07-01 21:00:18,440 - org.eclipse.mylyn.commons.workbench - 3.24.2.v20180904-2231
2019-07-01 21:00:18,582 - org.eclipse.eclemma.core - 3.1.2.201903112331
2019-07-01 21:00:18,629 - org.eclipse.eclemma.doc - 3.1.2.201903112331
2019-07-01 21:00:18,639 - org.eclipse.eclemma.ui - 3.1.2.201903112331
2019-07-01 21:00:18,703 - org.jacoco.agent - 0.8.3.v20190219-1601
2019-07-01 21:00:18,739 - org.jacoco.core - 0.8.3.v20190219-1601
2019-07-01 21:00:18,773 - org.jacoco.report - 0.8.3.v20190219-1601
2019-07-01 21:00:18,773 - org.objectweb.asm - 7.0.0.v20181030-2244
2019-07-01 21:00:18,796 - org.objectweb.asm.commons - 7.0.0.v20181030-2244
2019-07-01 21:00:18,830 - org.objectweb.asm.tree - 7.0.0.v20181030-2244
2019-07-01 21:00:18,923 - org.eclipse.mylyn.bugzilla.ide - 3.24.2.v20180905-0014
2019-07-01 21:00:18,937 - org.eclipse.mylyn.ide.ui - 3.24.2.v20180905-0014
2019-07-01 21:00:19,015 - org.eclipse.emf.databinding.edit - 1.5.0.v20180823-0456
2019-07-01 21:00:19,141 - org.eclipse.emf.codegen.ecore - 2.17.0.v20190209-1542
2019-07-01 21:00:19,167 - org.eclipse.emf.ant - 2.10.0.v20180706-1146
2019-07-01 21:00:20,116 - org.eclipse.m2e.archetype.common - 1.11.0.20190220-2117
2019-07-01 21:00:20,587 - org.eclipse.m2e.maven.indexer - 1.11.0.20190220-2117
2019-07-01 21:00:20,696 - org.eclipse.m2e.model.edit - 1.11.0.20190220-2119
2019-07-01 21:00:20,793 - org.eclipse.m2e.core - 1.11.0.20190220-2119
2019-07-01 21:00:20,794 - org.eclipse.m2e.launching - 1.11.0.20190220-2119
2019-07-01 21:00:20,852 - org.eclipse.m2e.workspace.cli - 0.3.1
2019-07-01 21:00:20,996 - org.eclipse.m2e.jdt - 1.11.0.20190220-2119
2019-07-01 21:00:21,095 - org.eclipse.m2e.editor - 1.11.0.20190220-2119
2019-07-01 21:00:21,134 - org.eclipse.m2e.editor.xml - 1.11.0.20190220-2119
2019-07-01 21:00:24,556 - org.eclipse.m2e.maven.runtime - 1.11.0.20190220-2117
2019-07-01 21:00:24,687 - org.eclipse.m2e.maven.runtime.slf4j.simple - 1.11.0.20190220-2117
2019-07-01 21:00:24,688 - org.eclipse.m2e.refactoring - 1.11.0.20190220-2119
2019-07-01 21:00:24,710 - org.eclipse.m2e.lifecyclemapping.defaults - 1.11.0.20190220-2119
2019-07-01 21:00:24,711 - org.eclipse.m2e.discovery - 1.11.0.20190220-2119
2019-07-01 21:00:24,729 - org.eclipse.m2e.core.ui - 1.11.0.20190220-2119
2019-07-01 21:00:24,765 - org.eclipse.m2e.scm - 1.11.0.20190220-2119
2019-07-01 21:00:24,765 - org.eclipse.m2e.jdt.ui - 1.11.0.20190220-2119
2019-07-01 21:00:24,794 - org.eclipse.m2e.profiles.core - 1.11.0.20190220-2119
2019-07-01 21:00:24,816 - org.eclipse.m2e.profiles.ui - 1.11.0.20190220-2119
2019-07-01 21:00:24,834 - org.eclipse.m2e.importer - 1.11.0.20190220-2119
2019-07-01 21:00:24,870 - org.eclipse.m2e.sourcelookup - 1.11.0.20190220-2119
2019-07-01 21:00:24,871 - org.eclipse.m2e.sourcelookup.ui - 1.11.0.20190220-2119
2019-07-01 21:00:24,891 - org.eclipse.m2e.binaryproject - 1.11.0.20190220-2119
2019-07-01 21:00:24,915 - org.eclipse.m2e.binaryproject.ui - 1.11.0.20190220-2119
2019-07-01 21:00:24,994 - org.eclipse.andmore.ndk - 0.5.1.201701251432
2019-07-01 21:00:25,071 - org.eclipse.andmore.gldebugger - 0.5.1.201701251432
2019-07-01 21:00:25,249 - org.eclipse.mylyn.hudson.core - 1.16.0.v20180403-2055
2019-07-01 21:00:25,270 - org.eclipse.mylyn.hudson.ui - 1.16.0.v20170629-2231
2019-07-01 21:00:25,397 - org.eclipse.epp.mpc.core - 1.7.5.v20190225-1757
2019-07-01 21:00:25,398 - org.eclipse.epp.mpc.core.win32 - 1.7.5.v20190206-1811
2019-07-01 21:00:25,407 - org.eclipse.epp.mpc.ui - 1.7.5.v20190301-1516
2019-07-01 21:00:25,407 - org.eclipse.epp.mpc.ui.css - 1.7.5.v20190206-1811
2019-07-01 21:00:25,476 - org.eclipse.epp.mpc.help.ui - 1.7.5.v20190206-1811
2019-07-01 21:00:25,595 - org.eclipse.mylyn.git.core - 1.16.0.v20170629-1738
2019-07-01 21:00:25,627 - org.eclipse.mylyn.git.ui - 1.16.0.v20170629-1738
2019-07-01 21:00:25,720 - org.eclipse.andmore.android.certmanager - 0.5.1.201701251432
2019-07-01 21:00:25,918 - org.eclipse.epp.package.java - 4.11.0.20190314-1200
2019-07-01 21:00:26,045 - org.eclipse.cdt.gdb - 7.0.1.201811241055
2019-07-01 21:00:26,231 - org.eclipse.cdt.gdb.ui - 7.0.1.201811241055
2019-07-01 21:00:26,436 - org.eclipse.sequoyah.localization.tools - 2.1.0.N20120718-0509
2019-07-01 21:00:26,511 - org.eclipse.sequoyah.localization.editor - 2.1.0.N20120718-0509
2019-07-01 21:00:26,619 - org.eclipse.mylyn.java.ui - 3.24.2.v20180905-0014
2019-07-01 21:00:26,647 - org.eclipse.mylyn.java.tasks - 3.24.2.v20180905-0014
2019-07-01 21:00:26,647 - org.eclipse.mylyn.ide.ui - 3.24.2.v20180905-0014
2019-07-01 21:00:26,686 - org.eclipse.mylyn.ide.ant - 3.24.2.v20180905-0014
2019-07-01 21:00:26,707 - org.eclipse.mylyn.debug.ui - 3.24.2.v20180905-0014
2019-07-01 21:00:26,847 - org.eclipse.mylyn.team.ui - 3.24.2.v20180905-0014
2019-07-01 21:00:26,916 - org.eclipse.datatools.sqltools.sql - 1.2.101.201811012051
2019-07-01 21:00:26,916 - org.eclipse.datatools.sqltools.common.ui - 1.2.101.201811012051
2019-07-01 21:00:26,916 - org.eclipse.datatools.sqltools.plan - 1.2.101.201811012051
2019-07-01 21:00:26,916 - org.eclipse.datatools.sqltools.editor.core - 1.2.101.201811012051
2019-07-01 21:00:26,916 - org.eclipse.datatools.sqltools.sqleditor - 1.2.101.201811012051
2019-07-01 21:00:26,959 - org.eclipse.datatools.sqltools.ddlgen.ui - 1.2.101.201811012051
2019-07-01 21:00:26,983 - org.eclipse.datatools.connectivity.db.generic - 1.2.101.201811012051
2019-07-01 21:00:26,983 - org.eclipse.datatools.sqltools.editor.core.ui - 1.2.101.201811012051
2019-07-01 21:00:26,983 - org.eclipse.datatools.sqltools.sql.ui - 1.2.101.201811012051
2019-07-01 21:00:27,036 - org.eclipse.emf.common.ui - 2.16.0.v20190301-1325
2019-07-01 21:00:27,106 - org.eclipse.jgit.ssh.apache - 5.3.0.201903130848-r
2019-07-01 21:00:27,107 - org.apache.sshd.core - 2.0.0.v20181102-1323
2019-07-01 21:00:27,154 - org.apache.sshd.sftp - 2.0.0.v20181102-1323
2019-07-01 21:00:27,187 - net.i2p.crypto.eddsa - 0.3.0.v20181102-1323
2019-07-01 21:00:27,324 - org.eclipse.mylyn.commons.repositories.core - 1.16.0.v20180904-2231
2019-07-01 21:00:27,325 - org.eclipse.mylyn.commons.repositories.ui - 1.16.0.v20180904-2231
2019-07-01 21:00:27,490 - org.eclipse.sequoyah.device.common.utilities - 2.1.0.N20120718-0509
2019-07-01 21:00:27,591 - org.eclipse.andmore.android.common - 0.5.1.201701251432
2019-07-01 21:00:27,609 - org.eclipse.andmore.android.codeutils - 0.5.1.201701251432
2019-07-01 21:00:27,628 - org.eclipse.andmore.android.translation - 0.5.1.201701251432
2019-07-01 21:00:27,653 - org.eclipse.andmore.android.codesnippets - 0.5.1.201701251432
2019-07-01 21:00:27,672 - org.eclipse.andmore.android.db.core - 0.5.1.201701251432
2019-07-01 21:00:27,673 - org.eclipse.andmore.android.logger - 0.5.1.201701251432
2019-07-01 21:00:27,707 - org.eclipse.andmore.android - 0.5.1.201701251432
2019-07-01 21:00:27,717 - org.eclipse.andmore.android.emulator - 0.5.1.201701251432
2019-07-01 21:00:27,718 - org.eclipse.andmore.android.launch - 0.5.1.201701251432
2019-07-01 21:00:27,719 - org.eclipse.andmore.android.packaging.ui - 0.5.1.201701251432
2019-07-01 21:00:27,742 - org.eclipse.andmore.android.handset - 0.5.1.201701251432
2019-07-01 21:00:27,744 - org.eclipse.andmore.android.remote - 0.5.1.201701251432
2019-07-01 21:00:27,744 - org.eclipse.andmore.android.win32.x86_64 - 0.5.1.201701251432
2019-07-01 21:00:27,745 - org.eclipse.andmore.android.mat - 0.5.1.201701251432
2019-07-01 21:00:27,747 - org.eclipse.andmore.android.devices.services - 0.5.1.201701251432
2019-07-01 21:00:27,786 - org.eclipse.andmore.android.db.devices - 0.5.1.201701251432
2019-07-01 21:00:27,812 - org.eclipse.andmore.android.installer - 0.5.1.201701251432
2019-07-01 21:00:27,824 - org.eclipse.andmore.android.logger.collector - 0.5.1.201701251432
2019-07-01 21:00:27,904 - org.eclipse.emf.mapping.ui - 2.10.0.v20181104-0733
2019-07-01 21:00:27,975 - org.eclipse.mylyn.monitor.core - 3.24.2.v20180904-2231
2019-07-01 21:00:27,976 - org.eclipse.mylyn.monitor.ui - 3.24.2.v20180904-2231
2019-07-01 21:00:28,151 - org.eclipse.sequoyah.vnc.vncviewer - 2.1.0.N20120718-0509
2019-07-01 21:00:28,211 - org.eclipse.emf.codegen.ecore.ui - 2.17.0.v20190226-1307
2019-07-01 21:00:28,344 - org.eclipse.emf.ecore.editor - 2.16.0.v20181104-0733
2019-07-01 21:00:28,499 - org.eclipse.mylyn.builds.core - 1.16.0.v20170629-2231
2019-07-01 21:00:28,522 - org.eclipse.mylyn.builds.ui - 1.16.0.v20170629-2231
2019-07-01 21:00:28,633 - org.eclipse.mylyn.context.core - 3.24.2.v20180905-0014
2019-07-01 21:00:28,648 - org.eclipse.mylyn.context.ui - 3.24.2.v20180905-0014
2019-07-01 21:00:28,806 - org.eclipse.mylyn.resources.ui - 3.24.2.v20180905-0014
2019-07-01 21:00:28,807 - org.eclipse.mylyn.context.tasks.ui - 3.24.2.v20180905-0014
2019-07-01 21:00:28,912 - org.eclipse.emf.databinding - 1.5.0.v20180706-1146
2019-07-01 21:00:29,055 - org.eclipse.datatools.connectivity.sqm.core.ui - 1.4.101.201811012051
2019-07-01 21:00:29,260 - org.eclipse.datatools.connectivity.sqm.core - 1.4.101.201811012051
2019-07-01 21:00:29,353 - org.eclipse.datatools.connectivity.sqm.server.ui - 1.3.101.201811012051
2019-07-01 21:00:29,354 - org.eclipse.datatools.connectivity.ui.dse - 1.3.101.201811012051
2019-07-01 21:00:29,552 - org.eclipse.datatools.connectivity.ui - 1.4.101.201811012051
2019-07-01 21:00:30,031 - org.eclipse.datatools.connectivity - 1.14.101.201811012051
2019-07-01 21:00:30,031 - org.eclipse.datatools.help - 1.7.101.201811012051
2019-07-01 21:00:30,083 - org.eclipse.datatools.connectivity.console.profile - 1.2.101.201811012051
2019-07-01 21:00:30,196 - org.eclipse.oomph.setup - 1.13.0.v20190530-1228
2019-07-01 21:00:30,206 - org.eclipse.oomph.setup.edit - 1.13.0.v20190526-0607
2019-07-01 21:00:30,207 - org.eclipse.oomph.setup.core - 1.13.0.v20190531-1228
2019-07-01 21:00:30,208 - org.eclipse.oomph.setup.sync - 1.10.0.v20180706-1242
2019-07-01 21:00:30,209 - org.eclipse.oomph.setup.p2 - 1.11.0.v20190530-1228
2019-07-01 21:00:30,210 - org.eclipse.oomph.setup.p2.edit - 1.10.0.v20180706-1242
2019-07-01 21:00:30,211 - org.eclipse.oomph.preferences - 1.10.0.v20180706-1242
2019-07-01 21:00:30,256 - org.eclipse.oomph.jreinfo - 1.11.0.v20190523-0419
2019-07-01 21:00:30,257 - org.eclipse.oomph.jreinfo.win32.x86_64 - 1.5.0.v20190410-0601
2019-07-01 21:00:30,275 - org.eclipse.oomph.extractor.lib - 1.6.0.v20190410-0601
